04-03-2017 @ 10:15:33 - Queuing 2.6.0 - wc_update_260_options
04-03-2017 @ 10:15:33 - Queuing 2.6.0 - wc_update_260_termmeta
04-03-2017 @ 10:15:33 - Queuing 2.6.0 - wc_update_260_zones
04-03-2017 @ 10:15:33 - Queuing 2.6.0 - wc_update_260_zone_methods
04-03-2017 @ 10:15:33 - Queuing 2.6.0 - wc_update_260_refunds
04-03-2017 @ 10:15:33 - Queuing 2.6.0 - wc_update_260_db_version
04-03-2017 @ 10:15:34 - Running wc_update_260_options callback
04-03-2017 @ 10:15:34 - Finished wc_update_260_options callback
04-03-2017 @ 10:15:34 - Running wc_update_260_termmeta callback
04-03-2017 @ 10:15:34 - Finished wc_update_260_termmeta callback
04-03-2017 @ 10:15:34 - Running wc_update_260_zones callback
04-03-2017 @ 10:15:34 - Finished wc_update_260_zones callback
04-03-2017 @ 10:15:34 - Running wc_update_260_zone_methods callback
04-03-2017 @ 10:15:34 - Finished wc_update_260_zone_methods callback
04-03-2017 @ 10:15:34 - Running wc_update_260_refunds callback
04-03-2017 @ 10:15:34 - Finished wc_update_260_refunds callback
04-03-2017 @ 10:15:34 - Running wc_update_260_db_version callback
04-03-2017 @ 10:15:34 - Finished wc_update_260_db_version callback
04-03-2017 @ 10:15:34 - Data update complete
2017-04-17T09:22:33+00:00 INFO Queuing 3.0.0 - wc_update_300_webhooks
2017-04-17T09:22:33+00:00 INFO Queuing 3.0.0 - wc_update_300_grouped_products
2017-04-17T09:22:33+00:00 INFO Queuing 3.0.0 - wc_update_300_settings
2017-04-17T09:22:33+00:00 INFO Queuing 3.0.0 - wc_update_300_product_visibility
2017-04-17T09:22:33+00:00 INFO Queuing 3.0.0 - wc_update_300_db_version
2017-04-17T09:22:49+00:00 INFO Running wc_update_300_webhooks callback
2017-04-17T09:22:49+00:00 INFO Finished wc_update_300_webhooks callback
2017-04-17T09:22:49+00:00 INFO Running wc_update_300_grouped_products callback
2017-04-17T09:22:49+00:00 INFO Finished wc_update_300_grouped_products callback
2017-04-17T09:22:49+00:00 INFO Running wc_update_300_settings callback
2017-04-17T09:22:49+00:00 INFO Finished wc_update_300_settings callback
2017-04-17T09:22:49+00:00 INFO Running wc_update_300_product_visibility callback
2017-04-17T09:22:49+00:00 INFO Finished wc_update_300_product_visibility callback
2017-04-17T09:22:49+00:00 INFO Running wc_update_300_db_version callback
2017-04-17T09:22:49+00:00 INFO Finished wc_update_300_db_version callback
2017-04-17T09:22:49+00:00 INFO Data update complete
